# JRE version: Java(TM) SE Runtime Environment (8.0_111-b14) (build 1.8.0_111-b14)
# Java VM: Java HotSpot(TM) 64-Bit Server VM (25.111-b14 mixed mode windows-amd64 compressed oops)
Heap:
 PSYoungGen      total 71680K, used 17570K [0x00000000d5d80000, 0x00000000da880000, 0x0000000100000000)
  eden space 66560K, 25% used [0x00000000d5d80000,0x00000000d6df1458,0x00000000d9e80000)
  from space 5120K, 14% used [0x00000000da380000,0x00000000da437400,0x00000000da880000)
  to   space 5120K, 0% used [0x00000000d9e80000,0x00000000d9e80000,0x00000000da380000)
 ParOldGen       total 87552K, used 13761K [0x0000000081800000, 0x0000000086d80000, 0x00000000d5d80000)
  object space 87552K, 15% used [0x0000000081800000,0x00000000825707a8,0x0000000086d80000)
 Metaspace       used 7704K, capacity 7868K, committed 7936K, reserved 1056768K
  class space    used 879K, capacity 960K, committed 1024K, reserved 1048576K
GC Heap History (10 events):
Event: 1.520 GC heap before
{Heap before GC invocations=5 (full 0):
 PSYoungGen      total 71680K, used 71648K [0x00000000d5d80000, 0x00000000da880000, 0x0000000100000000)
  eden space 66560K, 100% used [0x00000000d5d80000,0x00000000d9e80000,0x00000000d9e80000)
  from space 5120K, 99% used [0x00000000da380000,0x00000000da878020,0x00000000da880000)
  to   space 5120K, 0% used [0x00000000d9e80000,0x00000000d9e80000,0x00000000da380000)
 ParOldGen       total 87552K, used 8178K [0x0000000081800000, 0x0000000086d80000, 0x00000000d5d80000)
  object space 87552K, 9% used [0x0000000081800000,0x0000000081ffc820,0x0000000086d80000)
 Metaspace       used 7575K, capacity 7804K, committed 7936K, reserved 1056768K
  class space    used 866K, capacity 960K, committed 1024K, reserved 1048576K
Event: 1.527 GC heap after
Heap after GC invocations=5 (full 0):
 PSYoungGen      total 71680K, used 5113K [0x00000000d5d80000, 0x00000000da880000, 0x0000000100000000)
  eden space 66560K, 0% used [0x00000000d5d80000,0x00000000d5d80000,0x00000000d9e80000)
  from space 5120K, 99% used [0x00000000d9e80000,0x00000000da37e6f0,0x00000000da380000)
  to   space 5120K, 0% used [0x00000000da380000,0x00000000da380000,0x00000000da880000)
 ParOldGen       total 87552K, used 8600K [0x0000000081800000, 0x0000000086d80000, 0x00000000d5d80000)
  object space 87552K, 9% used [0x0000000081800000,0x0000000082066080,0x0000000086d80000)
 Metaspace       used 7575K, capacity 7804K, committed 7936K, reserved 1056768K
  class space    used 866K, capacity 960K, committed 1024K, reserved 1048576K
}
Event: 1.628 GC heap before
{Heap before GC invocations=6 (full 0):
 PSYoungGen      total 71680K, used 71669K [0x00000000d5d80000, 0x00000000da880000, 0x0000000100000000)
  eden space 66560K, 99% used [0x00000000d5d80000,0x00000000d9e7ef08,0x00000000d9e80000)
  from space 5120K, 99% used [0x00000000d9e80000,0x00000000da37e6f0,0x00000000da380000)
  to   space 5120K, 0% used [0x00000000da380000,0x00000000da380000,0x00000000da880000)
 ParOldGen       total 87552K, used 8600K [0x0000000081800000, 0x0000000086d80000, 0x00000000d5d80000)
  object space 87552K, 9% used [0x0000000081800000,0x0000000082066080,0x0000000086d80000)
 Metaspace       used 7683K, capacity 7868K, committed 7936K, reserved 1056768K
  class space    used 877K, capacity 960K, committed 1024K, reserved 1048576K
Event: 1.633 GC heap after
Heap after GC invocations=6 (full 0):
 PSYoungGen      total 71680K, used 5115K [0x00000000d5d80000, 0x00000000da880000, 0x0000000100000000)
  eden space 66560K, 0% used [0x00000000d5d80000,0x00000000d5d80000,0x00000000d9e80000)
  from space 5120K, 99% used [0x00000000da380000,0x00000000da87ecf0,0x00000000da880000)
  to   space 5120K, 0% used [0x00000000d9e80000,0x00000000d9e80000,0x00000000da380000)
 ParOldGen       total 87552K, used 9108K [0x0000000081800000, 0x0000000086d80000, 0x00000000d5d80000)
  object space 87552K, 10% used [0x0000000081800000,0x00000000820e5338,0x0000000086d80000)
 Metaspace       used 7683K, capacity 7868K, committed 7936K, reserved 1056768K
  class space    used 877K, capacity 960K, committed 1024K, reserved 1048576K
}
Event: 1.703 GC heap before
{Heap before GC invocations=7 (full 0):
 PSYoungGen      total 71680K, used 71665K [0x00000000d5d80000, 0x00000000da880000, 0x0000000100000000)
  eden space 66560K, 99% used [0x00000000d5d80000,0x00000000d9e7da10,0x00000000d9e80000)
  from space 5120K, 99% used [0x00000000da380000,0x00000000da87ecf0,0x00000000da880000)
  to   space 5120K, 0% used [0x00000000d9e80000,0x00000000d9e80000,0x00000000da380000)
 ParOldGen       total 87552K, used 9108K [0x0000000081800000, 0x0000000086d80000, 0x00000000d5d80000)
  object space 87552K, 10% used [0x0000000081800000,0x00000000820e5338,0x0000000086d80000)
 Metaspace       used 7691K, capacity 7868K, committed 7936K, reserved 1056768K
  class space    used 877K, capacity 960K, committed 1024K, reserved 1048576K
Event: 1.709 GC heap after
Heap after GC invocations=7 (full 0):
 PSYoungGen      total 71680K, used 4064K [0x00000000d5d80000, 0x00000000da880000, 0x0000000100000000)
  eden space 66560K, 0% used [0x00000000d5d80000,0x00000000d5d80000,0x00000000d9e80000)
  from space 5120K, 79% used [0x00000000d9e80000,0x00000000da278000,0x00000000da380000)
  to   space 5120K, 0% used [0x00000000da380000,0x00000000da380000,0x00000000da880000)
 ParOldGen       total 87552K, used 11574K [0x0000000081800000, 0x0000000086d80000, 0x00000000d5d80000)
  object space 87552K, 13% used [0x0000000081800000,0x000000008234db68,0x0000000086d80000)
 Metaspace       used 7691K, capacity 7868K, committed 7936K, reserved 1056768K
  class space    used 877K, capacity 960K, committed 1024K, reserved 1048576K
}
Event: 1.783 GC heap before
{Heap before GC invocations=8 (full 0):
 PSYoungGen      total 71680K, used 70624K [0x00000000d5d80000, 0x00000000da880000, 0x0000000100000000)
  eden space 66560K, 100% used [0x00000000d5d80000,0x00000000d9e80000,0x00000000d9e80000)
  from space 5120K, 79% used [0x00000000d9e80000,0x00000000da278000,0x00000000da380000)
  to   space 5120K, 0% used [0x00000000da380000,0x00000000da380000,0x00000000da880000)
 ParOldGen       total 87552K, used 11574K [0x0000000081800000, 0x0000000086d80000, 0x00000000d5d80000)
  object space 87552K, 13% used [0x0000000081800000,0x000000008234db68,0x0000000086d80000)
 Metaspace       used 7703K, capacity 7868K, committed 7936K, reserved 1056768K
  class space    used 879K, capacity 960K, committed 1024K, reserved 1048576K
Event: 1.788 GC heap after
Heap after GC invocations=8 (full 0):
 PSYoungGen      total 71680K, used 980K [0x00000000d5d80000, 0x00000000da880000, 0x0000000100000000)
  eden space 66560K, 0% used [0x00000000d5d80000,0x00000000d5d80000,0x00000000d9e80000)
  from space 5120K, 19% used [0x00000000da380000,0x00000000da475000,0x00000000da880000)
  to   space 5120K, 0% used [0x00000000d9e80000,0x00000000d9e80000,0x00000000da380000)
 ParOldGen       total 87552K, used 13271K [0x0000000081800000, 0x0000000086d80000, 0x00000000d5d80000)
  object space 87552K, 15% used [0x0000000081800000,0x00000000824f5dc0,0x0000000086d80000)
 Metaspace       used 7703K, capacity 7868K, committed 7936K, reserved 1056768K
  class space    used 879K, capacity 960K, committed 1024K, reserved 1048576K
}
Event: 1.859 GC heap before
{Heap before GC invocations=9 (full 0):
 PSYoungGen      total 71680K, used 67540K [0x00000000d5d80000, 0x00000000da880000, 0x0000000100000000)
  eden space 66560K, 100% used [0x00000000d5d80000,0x00000000d9e80000,0x00000000d9e80000)
  from space 5120K, 19% used [0x00000000da380000,0x00000000da475000,0x00000000da880000)
  to   space 5120K, 0% used [0x00000000d9e80000,0x00000000d9e80000,0x00000000da380000)
 ParOldGen       total 87552K, used 13271K [0x0000000081800000, 0x0000000086d80000, 0x00000000d5d80000)
  object space 87552K, 15% used [0x0000000081800000,0x00000000824f5dc0,0x0000000086d80000)
 Metaspace       used 7704K, capacity 7868K, committed 7936K, reserved 1056768K
  class space    used 879K, capacity 960K, committed 1024K, reserved 1048576K
Event: 1.860 GC heap after
Heap after GC invocations=9 (full 0):
 PSYoungGen      total 71680K, used 592K [0x00000000d5d80000, 0x00000000da880000, 0x0000000100000000)
  eden space 66560K, 0% used [0x00000000d5d80000,0x00000000d5d80000,0x00000000d9e80000)
  from space 5120K, 11% used [0x00000000d9e80000,0x00000000d9f143a0,0x00000000da380000)
  to   space 5120K, 0% used [0x00000000da380000,0x00000000da380000,0x00000000da880000)
 ParOldGen       total 87552K, used 13585K [0x0000000081800000, 0x0000000086d80000, 0x00000000d5d80000)
  object space 87552K, 15% used [0x0000000081800000,0x0000000082544558,0x0000000086d80000)
 Metaspace       used 7704K, capacity 7868K, committed 7936K, reserved 1056768K
  class space    used 879K, capacity 960K, committed 1024K, reserved 1048576K
}

